1598701329435	geckodriver	INFO	Listening on 127.0.0.1:49934
1598701332539	mozrunner::runner	INFO	Running command: "C:\\Program Files\\Mozilla Firefox\\firefox.exe" "--marionette" "-headless" "-foreground" "-no-remote" "-profile" "C:\\Users\\Asen\\AppData\\Local\\Temp\\rust_mozprofilehnG9kM"
*** You are running in headless mode.
JavaScript error: resource://gre/modules/XULStore.jsm, line 66: Error: Can't find profile directory.
console.error: SearchCache: "_readCacheFile: Error reading cache file:" (new Error("", "(unknown module)"))
1598701335845	Marionette	INFO	Listening on port 49943
1598701336160	Marionette	WARN	TLS certificate errors will be ignored for this session
1598701343620	Marionette	WARN	TimedPromise timed out after 500 ms: stacktrace:
TimedPromise/<@chrome://marionette/content/sync.js:245:13
TimedPromise@chrome://marionette/content/sync.js:230:10
interaction.flushEventLoop@chrome://marionette/content/interaction.js:416:10
webdriverClickElement@chrome://marionette/content/interaction.js:182:31
A content process crashed and MOZ_CRASHREPORTER_SHUTDOWN is set, shutting down
[Parent 6748, Gecko_IOThread] WARNING: file /builds/worker/checkouts/gecko/ipc/chromium/src/base/process_util_win.cc, line 166
1598710367011	Marionette	INFO	Stopped listening on port 49943
st_mozprofile86gbKG"
*** You are running in headless mode.
JavaScript error: resource://gre/modules/XULStore.jsm, line 66: Error: Can't find profile directory.
console.error: SearchCache: "_readCacheFile: Error reading cache file:" (new Error("", "(unknown module)"))
1598702189024	Marionette	INFO	Listening on port 50053
1598702189188	Marionette	WARN	TLS certificate errors will be ignored for this session
JavaScript warning: https://cdn.ftd.agency/libs/e.js, line 46: WebGL warning: <Create>: Can't use WebGL in headless mode (https://bugzil.la/1375585).
JavaScript warning: https://cdn.ftd.agency/libs/e.js, line 46: Failed to create WebGL context: WebGL creation failed: 
* Can't use WebGL in headless mode (https://bugzil.la/1375585).
A content process crashed and MOZ_CRASHREPORTER_SHUTDOWN is set, shutting down
[Parent 10852, Gecko_IOThread] WARNING: file /builds/worker/checkouts/gecko/ipc/chromium/src/base/process_util_win.cc, line 166
1598710366103	Marionette	INFO	Stopped listening on port 50053
t_mozprofilekEfHpB"
*** You are running in headless mode.
JavaScript error: resource://gre/modules/XULStore.jsm, line 66: Error: Can't find profile directory.
console.error: SearchCache: "_readCacheFile: Error reading cache file:" (new Error("", "(unknown module)"))
1598702467966	Marionette	INFO	Listening on port 50131
1598702468188	Marionette	WARN	TLS certificate errors will be ignored for this session
JavaScript warning: https://cdn.ftd.agency/libs/e.js, line 46: WebGL warning: <Create>: Can't use WebGL in headless mode (https://bugzil.la/1375585).
JavaScript warning: https://cdn.ftd.agency/libs/e.js, line 46: Failed to create WebGL context: WebGL creation failed: 
* Can't use WebGL in headless mode (https://bugzil.la/1375585).
A content process crashed and MOZ_CRASHREPORTER_SHUTDOWN is set, shutting down
[Parent 11476, Gecko_IOThread] WARNING: file /builds/worker/checkouts/gecko/ipc/chromium/src/base/process_util_win.cc, line 166
1598710378547	Marionette	INFO	Stopped listening on port 50131
t_mozprofileU7NgkH"
*** You are running in headless mode.
JavaScript error: resource://gre/modules/XULStore.jsm, line 66: Error: Can't find profile directory.
console.error: SearchCache: "_readCacheFile: Error reading cache file:" (new Error("", "(unknown module)"))
1598702558817	Marionette	INFO	Listening on port 50213
1598702558870	Marionette	WARN	TLS certificate errors will be ignored for this session
A content process crashed and MOZ_CRASHREPORTER_SHUTDOWN is set, shutting down
[Parent 11876, Gecko_IOThread] WARNING: file /builds/worker/checkouts/gecko/ipc/chromium/src/base/process_util_win.cc, line 166
1598710446067	Marionette	INFO	Stopped listening on port 50213
t_mozprofileNXNUX5"
*** You are running in headless mode.
JavaScript error: resource://gre/modules/XULStore.jsm, line 66: Error: Can't find profile directory.
console.error: SearchCache: "_readCacheFile: Error reading cache file:" (new Error("", "(unknown module)"))
1598706289672	Marionette	INFO	Listening on port 50722
1598706289884	Marionette	WARN	TLS certificate errors will be ignored for this session
JavaScript warning: https://cdn.ftd.agency/libs/e.js, line 46: WebGL warning: <Create>: Can't use WebGL in headless mode (https://bugzil.la/1375585).
JavaScript warning: https://cdn.ftd.agency/libs/e.js, line 46: Failed to create WebGL context: WebGL creation failed: 
* Can't use WebGL in headless mode (https://bugzil.la/1375585).
1598706319075	geckodriver	INFO	Listening on 127.0.0.1:50793
1598706322216	mozrunner::runner	INFO	Running command: "C:\\Program Files\\Mozilla Firefox\\firefox.exe" "--marionette" "-headless" "-foreground" "-no-remote" "-profile" "C:\\Users\\Asen\\AppData\\Local\\Temp\\rust_mozprofiledKmXrr"
*** You are running in headless mode.
JavaScript error: resource://gre/modules/XULStore.jsm, line 66: Error: Can't find profile directory.
console.error: SearchCache: "_readCacheFile: Error reading cache file:" (new Error("", "(unknown module)"))
1598706325391	Marionette	INFO	Listening on port 50801
1598706325832	Marionette	WARN	TLS certificate errors will be ignored for this session
JavaScript warning: https://cdn.ftd.agency/libs/e.js, line 46: WebGL warning: <Create>: Can't use WebGL in headless mode (https://bugzil.la/1375585).
JavaScript warning: https://cdn.ftd.agency/libs/e.js, line 46: Failed to create WebGL context: WebGL creation failed: 
* Can't use WebGL in headless mode (https://bugzil.la/1375585).
A content process crashed and MOZ_CRASHREPORTER_SHUTDOWN is set, shutting down
[Parent 16028, Gecko_IOThread] WARNING: file /builds/worker/checkouts/gecko/ipc/chromium/src/base/process_util_win.cc, line 166
1598710384252	Marionette	INFO	Stopped listening on port 50801
t_mozprofileLIbAN0"
*** You are running in headless mode.
JavaScript error: resource://gre/modules/XULStore.jsm, line 66: Error: Can't find profile directory.
console.error: SearchCache: "_readCacheFile: Error reading cache file:" (new Error("", "(unknown module)"))
1598706391115	Marionette	INFO	Listening on port 50881
1598706391282	Marionette	WARN	TLS certificate errors will be ignored for this session
JavaScript error: https://www.flashscore.com/x/js/core_2_1848000000.js, line 5803: Error: Item g_1_EeWj7kC6 not found
Program Files\\Mozilla Firefox\\firefox.exe" "--marionette" "-headless" "-foreground" "-no-remote" "-profile" "C:\\Users\\Asen\\AppData\\Local\\Temp\\rust_mozprofileDdPfuk"
*** You are running in headless mode.
JavaScript error: resource://gre/modules/XULStore.jsm, line 66: Error: Can't find profile directory.
console.error: SearchCache: "_readCacheFile: Error reading cache file:" (new Error("", "(unknown module)"))
1598706455974	Marionette	INFO	Listening on port 50956
1598706456483	Marionette	WARN	TLS certificate errors will be ignored for this session
JavaScript error: https://www.flashscore.com/x/js/core_2_1848000000.js, line 5803: Error: Item g_1_I9Qb0kjR not found
JavaScript error: https://www.flashscore.com/x/js/core_2_1848000000.js, line 5803: Error: Item g_1_lWi4AcRL not found
A content process crashed and MOZ_CRASHREPORTER_SHUTDOWN is set, shutting down
[Parent 16116, Gecko_IOThread] WARNING: file /builds/worker/checkouts/gecko/ipc/chromium/src/base/process_util_win.cc, line 166
1598710372832	Marionette	INFO	Stopped listening on port 50956
t_mozprofiletWnJ2V"
*** You are running in headless mode.
JavaScript error: resource://gre/modules/XULStore.jsm, line 66: Error: Can't find profile directory.
console.error: SearchCache: "_readCacheFile: Error reading cache file:" (new Error("", "(unknown module)"))
1598706536263	Marionette	INFO	Listening on port 51031
1598706536478	Marionette	WARN	TLS certificate errors will be ignored for this session
JavaScript error: https://www.flashscore.com/x/js/core_2_1848000000.js, line 5803: Error: Item g_1_GdOytd4c not found
JavaScript error: https://www.flashscore.com/x/js/core_2_1848000000.js, line 5803: Error: Item g_1_SMj89HtS not found
JavaScript error: https://www.flashscore.com/x/js/core_2_1848000000.js, line 5803: Error: Item g_1_CKaJVZ2I not found
JavaScript error: https://www.flashscore.com/x/js/core_2_1848000000.js, line 5803: Error: Item g_1_ddoWRU80 not found
JavaScript error: https://www.flashscore.com/x/js/core_2_1848000000.js, line 5803: Error: Item g_1_CKaJVZ2I not found
A content process crashed and MOZ_CRASHREPORTER_SHUTDOWN is set, shutting down
[Parent 15424, Gecko_IOThread] WARNING: file /builds/worker/checkouts/gecko/ipc/chromium/src/base/process_util_win.cc, line 166
1598710447287	Marionette	INFO	Stopped listening on port 51031
t_mozprofile3WTGFJ"
*** You are running in headless mode.
JavaScript error: resource://gre/modules/XULStore.jsm, line 66: Error: Can't find profile directory.
console.error: SearchCache: "_readCacheFile: Error reading cache file:" (new Error("", "(unknown module)"))
1598706824364	Marionette	INFO	Listening on port 51125
1598706824434	Marionette	WARN	TLS certificate errors will be ignored for this session
JavaScript warning: https://cdn.ftd.agency/libs/e.js, line 46: WebGL warning: <Create>: Can't use WebGL in headless mode (https://bugzil.la/1375585).
JavaScript warning: https://cdn.ftd.agency/libs/e.js, line 46: Failed to create WebGL context: WebGL creation failed: 
* Can't use WebGL in headless mode (https://bugzil.la/1375585).
JavaScript error: https://www.flashscore.com/x/js/core_2_1848000000.js, line 5803: Error: Item g_1_jaC0JoYp not found
A content process crashed and MOZ_CRASHREPORTER_SHUTDOWN is set, shutting down
[Parent 16856, Gecko_IOThread] WARNING: file /builds/worker/checkouts/gecko/ipc/chromium/src/base/process_util_win.cc, line 166
1598710391455	Marionette	INFO	Stopped listening on port 51125
t_mozprofileZ2P9GG"
*** You are running in headless mode.
JavaScript error: resource://gre/modules/XULStore.jsm, line 66: Error: Can't find profile directory.
console.error: SearchCache: "_readCacheFile: Error reading cache file:" (new Error("", "(unknown module)"))
1598707033903	Marionette	INFO	Listening on port 51226
1598707034015	Marionette	WARN	TLS certificate errors will be ignored for this session
JavaScript warning: https://cdn.ftd.agency/libs/e.js, line 46: WebGL warning: <Create>: Can't use WebGL in headless mode (https://bugzil.la/1375585).
JavaScript warning: https://cdn.ftd.agency/libs/e.js, line 46: Failed to create WebGL context: WebGL creation failed: 
* Can't use WebGL in headless mode (https://bugzil.la/1375585).
Exiting due to channel error.
Listening on 127.0.0.1:51309
1598707264172	mozrunner::runner	INFO	Running command: "C:\\Program Files\\Mozilla Firefox\\firefox.exe" "--marionette" "-headless" "-foreground" "-no-remote" "-profile" "C:\\Users\\Asen\\AppData\\Local\\Temp\\rust_mozprofileQrAxA1"
*** You are running in headless mode.
JavaScript error: resource://gre/modules/XULStore.jsm, line 66: Error: Can't find profile directory.
console.error: SearchCache: "_readCacheFile: Error reading cache file:" (new Error("", "(unknown module)"))
1598707267415	Marionette	INFO	Listening on port 51317
1598707267788	Marionette	WARN	TLS certificate errors will be ignored for this session
JavaScript warning: https://cdn.ftd.agency/libs/e.js, line 46: WebGL warning: <Create>: Can't use WebGL in headless mode (https://bugzil.la/1375585).
JavaScript warning: https://cdn.ftd.agency/libs/e.js, line 46: Failed to create WebGL context: WebGL creation failed: 
* Can't use WebGL in headless mode (https://bugzil.la/1375585).
A content process crashed and MOZ_CRASHREPORTER_SHUTDOWN is set, shutting down
[Parent 17992, Gecko_IOThread] WARNING: file /builds/worker/checkouts/gecko/ipc/chromium/src/base/process_util_win.cc, line 166
1598710441940	Marionette	INFO	Stopped listening on port 51317
t_mozprofileFxhbrP"
*** You are running in headless mode.
JavaScript error: resource://gre/modules/XULStore.jsm, line 66: Error: Can't find profile directory.
console.error: SearchCache: "_readCacheFile: Error reading cache file:" (new Error("", "(unknown module)"))
1598707482925	Marionette	INFO	Listening on port 51402
1598707483117	Marionette	WARN	TLS certificate errors will be ignored for this session
JavaScript warning: https://cdn.ftd.agency/libs/e.js, line 46: WebGL warning: <Create>: Can't use WebGL in headless mode (https://bugzil.la/1375585).
JavaScript warning: https://cdn.ftd.agency/libs/e.js, line 46: Failed to create WebGL context: WebGL creation failed: 
* Can't use WebGL in headless mode (https://bugzil.la/1375585).
1598708259828	geckodriver	INFO	Listening on 127.0.0.1:51741
1598708262930	mozrunner::runner	INFO	Running command: "C:\\Program Files\\Mozilla Firefox\\firefox.exe" "--marionette" "-headless" "-foreground" "-no-remote" "-profile" "C:\\Users\\Asen\\AppData\\Local\\Temp\\rust_mozprofilepdCzK9"
*** You are running in headless mode.
JavaScript error: resource://gre/modules/XULStore.jsm, line 66: Error: Can't find profile directory.
console.error: SearchCache: "_readCacheFile: Error reading cache file:" (new Error("", "(unknown module)"))
1598708268610	Marionette	INFO	Listening on port 51749
1598708268655	Marionette	WARN	TLS certificate errors will be ignored for this session
JavaScript warning: https://cdn.ftd.agency/libs/e.js, line 46: WebGL warning: <Create>: Can't use WebGL in headless mode (https://bugzil.la/1375585).
JavaScript warning: https://cdn.ftd.agency/libs/e.js, line 46: Failed to create WebGL context: WebGL creation failed: 
* Can't use WebGL in headless mode (https://bugzil.la/1375585).
1598708421745	geckodriver	INFO	Listening on 127.0.0.1:51816
1598708424809	mozrunner::runner	INFO	Running command: "C:\\Program Files\\Mozilla Firefox\\firefox.exe" "--marionette" "-headless" "-foreground" "-no-remote" "-profile" "C:\\Users\\Asen\\AppData\\Local\\Temp\\rust_mozprofile09Cfa7"
*** You are running in headless mode.
JavaScript error: resource://gre/modules/XULStore.jsm, line 66: Error: Can't find profile directory.
console.error: SearchCache: "_readCacheFile: Error reading cache file:" (new Error("", "(unknown module)"))
1598708428197	Marionette	INFO	Listening on port 51824
1598708428421	Marionette	WARN	TLS certificate errors will be ignored for this session
JavaScript warning: https://cdn.ftd.agency/libs/e.js, line 46: WebGL warning: <Create>: Can't use WebGL in headless mode (https://bugzil.la/1375585).
JavaScript warning: https://cdn.ftd.agency/libs/e.js, line 46: Failed to create WebGL context: WebGL creation failed: 
* Can't use WebGL in headless mode (https://bugzil.la/1375585).
1598708642649	geckodriver	INFO	Listening on 127.0.0.1:51935
1598708645732	mozrunner::runner	INFO	Running command: "C:\\Program Files\\Mozilla Firefox\\firefox.exe" "--marionette" "-headless" "-foreground" "-no-remote" "-profile" "C:\\Users\\Asen\\AppData\\Local\\Temp\\rust_mozprofile8LfYGX"
*** You are running in headless mode.
JavaScript error: resource://gre/modules/XULStore.jsm, line 66: Error: Can't find profile directory.
console.error: SearchCache: "_readCacheFile: Error reading cache file:" (new Error("", "(unknown module)"))
1598708648905	Marionette	INFO	Listening on port 51943
1598708649361	Marionette	WARN	TLS certificate errors will be ignored for this session
A content process crashed and MOZ_CRASHREPORTER_SHUTDOWN is set, shutting down
[Parent 21264, Gecko_IOThread] WARNING: file /builds/worker/checkouts/gecko/ipc/chromium/src/base/process_util_win.cc, line 166
1598710451899	Marionette	INFO	Stopped listening on port 51943
t_mozprofilemETLBD"
*** You are running in headless mode.
JavaScript error: resource://gre/modules/XULStore.jsm, line 66: Error: Can't find profile directory.
console.error: SearchCache: "_readCacheFile: Error reading cache file:" (new Error("", "(unknown module)"))
1598708896533	Marionette	INFO	Listening on port 52028
1598708896618	Marionette	WARN	TLS certificate errors will be ignored for this session
JavaScript warning: https://cdn.ftd.agency/libs/e.js, line 46: WebGL warning: <Create>: Can't use WebGL in headless mode (https://bugzil.la/1375585).
JavaScript warning: https://cdn.ftd.agency/libs/e.js, line 46: Failed to create WebGL context: WebGL creation failed: 
* Can't use WebGL in headless mode (https://bugzil.la/1375585).
JavaScript error: https://www.flashscore.com/x/js/core_2_1848000000.js, line 5803: Error: Item g_1_4Ou5462c not found
JavaScript error: https://www.flashscore.com/x/js/core_2_1848000000.js, line 5803: Error: Item g_1_tI2m69RC not found
JavaScript error: https://www.flashscore.com/x/js/core_2_1848000000.js, line 5803: Error: Item g_1_hIHjeiwk not found

###!!! [Parent][MessageChannel] Error: (msgtype=0x39013A,name=PContent::Msg_AsyncMessage) Channel error: cannot send/recv

A content process crashed and MOZ_CRASHREPORTER_SHUTDOWN is set, shutting down
[Parent 13636, Gecko_IOThread] WARNING: file /builds/worker/checkouts/gecko/ipc/chromium/src/base/process_util_win.cc, line 166
1598710445195	Marionette	INFO	Stopped listening on port 52028
1598757062493	geckodriver	INFO	Listening on 127.0.0.1:65408
1598757065586	mozrunner::runner	INFO	Running command: "C:\\Program Files\\Mozilla Firefox\\firefox.exe" "--marionette" "-headless" "-foreground" "-no-remote" "-profile" "C:\\Users\\Asen\\AppData\\Local\\Temp\\rust_mozprofileO86lCU"
*** You are running in headless mode.
JavaScript error: resource://gre/modules/XULStore.jsm, line 66: Error: Can't find profile directory.
console.error: SearchCache: "_readCacheFile: Error reading cache file:" (new Error("", "(unknown module)"))
1598757074492	Marionette	INFO	Listening on port 65416
1598757074538	Marionette	WARN	TLS certificate errors will be ignored for this session
JavaScript warning: https://cdn.ftd.agency/libs/e.js, line 46: WebGL warning: <Create>: Can't use WebGL in headless mode (https://bugzil.la/1375585).
JavaScript warning: https://cdn.ftd.agency/libs/e.js, line 46: Failed to create WebGL context: WebGL creation failed: 
* Can't use WebGL in headless mode (https://bugzil.la/1375585).
1598773261483	geckodriver	INFO	Listening on 127.0.0.1:50318
1598773264555	mozrunner::runner	INFO	Running command: "C:\\Program Files\\Mozilla Firefox\\firefox.exe" "--marionette" "-headless" "-foreground" "-no-remote" "-profile" "C:\\Users\\Asen\\AppData\\Local\\Temp\\rust_mozprofiledEYNsT"
*** You are running in headless mode.
JavaScript error: resource://gre/modules/XULStore.jsm, line 66: Error: Can't find profile directory.
console.error: SearchCache: "_readCacheFile: Error reading cache file:" (new Error("", "(unknown module)"))
1598773267568	Marionette	INFO	Listening on port 50326
1598773267680	Marionette	WARN	TLS certificate errors will be ignored for this session
JavaScript warning: https://cdn.ftd.agency/libs/e.js, line 46: WebGL warning: <Create>: Can't use WebGL in headless mode (https://bugzil.la/1375585).
JavaScript warning: https://cdn.ftd.agency/libs/e.js, line 46: Failed to create WebGL context: WebGL creation failed: 
* Can't use WebGL in headless mode (https://bugzil.la/1375585).
